<?xml version="1.0" encoding="UTF-8"?>
<!-- Generated by org.testng.reporters.JUnitReportReporter -->
<testsuite hostname="DESKTOP-BUC2KR9" failures="0" tests="1" name="com.restAssured.pojobodyPost" time="10.637" errors="0" timestamp="2023-03-08T15:01:31 PST" skipped="0">
  <testcase classname="com.restAssured.pojobodyPost" name="createbody" time="10.637"/>
  <system-out/>
</testsuite> <!-- com.restAssured.pojobodyPost -->
