<?xml version="1.0" encoding="UTF-8"?>
<!-- Generated by org.testng.reporters.JUnitReportReporter -->
<testsuite hostname="DESKTOP-BUC2KR9" failures="0" tests="1" name="com.restAssured.post" time="9.212" errors="0" timestamp="2023-03-16T20:27:14 IST" skipped="0">
  <testcase classname="com.restAssured.post" name="create" time="9.212"/>
  <system-out/>
</testsuite> <!-- com.restAssured.post -->
